<?xml version="1.0" encoding="UTF-8"?>
<!-- Generated by org.testng.reporters.JUnitReportReporter -->
<testsuite hostname="DESKTOP-2JBFBCA" failures="0" tests="2" name="cms.testCases.VerifyMedicareLinkTest" time="16.095" errors="0" timestamp="29 Mar 2023 14:57:37 GMT" skipped="0">
  <testcase classname="cms.testCases.VerifyMedicareLinkTest" name="clickMedicareLinkTest" time="6.825"/>
  <testcase classname="cms.testCases.VerifyMedicareLinkTest" name="MedicarePageTitleTest" time="9.270"/>
</testsuite> <!-- cms.testCases.VerifyMedicareLinkTest -->
