<?xml version="1.0" encoding="UTF-8"?>
<!-- Generated by org.testng.reporters.JUnitReportReporter -->
<testsuite hostname="DESKTOP-2JBFBCA" failures="0" tests="2" name="cms.testCases.VerifyMedicareLinkTest" time="18.735" errors="0" timestamp="28 Mar 2023 17:21:06 GMT" skipped="0">
  <testcase classname="cms.testCases.VerifyMedicareLinkTest" name="clickMedicareLinkTest" time="8.361"/>
  <testcase classname="cms.testCases.VerifyMedicareLinkTest" name="MedicarePageTitleTest" time="10.374"/>
</testsuite> <!-- cms.testCases.VerifyMedicareLinkTest -->
